-------------------------------------------------------------------------------
Test set: TestSuite
-------------------------------------------------------------------------------
Tests run: 1, Failures: 1, Errors: 0, Skipped: 0, Time elapsed: 15.616 s <<< FAILURE! - in TestSuite
com.parametriz.BaseTest.testCatalog[Samsung, 1500, 40", 50", 1920x1080 (Full HD)](1)  Time elapsed: 11.997 s  <<< FAILURE!
org.openqa.selenium.NoSuchElementException: 
no such element: Unable to locate element: {"method":"xpath","selector":"//span[text()='Ð­Ð»ÐµÐºÑ‚Ñ€Ð¾Ð½Ð¸ÐºÐ°']"}
  (Session info: chrome=96.0.4664.45)
For documentation on this error, please visit: https://www.seleniumhq.org/exceptions/no_such_element.html
Build info: version: '3.141.59', revision: 'e82be7d358', time: '2018-11-14T08:17:03'
System info: host: 'WSF-072-71', ip: '192.168.15.72', os.name: 'Windows 10', os.arch: 'amd64', os.version: '10.0', java.version: '15.0.2'
Driver info: org.openqa.selenium.chrome.ChromeDriver
Capabilities {acceptInsecureCerts: false, browserName: chrome, browserVersion: 96.0.4664.45, chrome: {chromedriverVersion: 96.0.4664.45 (76e4c1bb2ab46..., userDataDir: C:\Users\VOLHA~1.BED\AppDat...}, goog:chromeOptions: {debuggerAddress: localhost:60494}, javascriptEnabled: true, networkConnectionEnabled: false, pageLoadStrategy: normal, platform: WINDOWS, platformName: WINDOWS, proxy: Proxy(), setWindowRect: true, strictFileInteractability: false, timeouts: {implicit: 0, pageLoad: 300000, script: 30000}, unhandledPromptBehavior: dismiss and notify, webauthn:extension:credBlob: true, webauthn:extension:largeBlob: true, webauthn:virtualAuthenticators: true}
Session ID: 5385184721dc70b30898c5c5644659b9
*** Element info: {Using=xpath, value=//span[text()='Ð­Ð»ÐµÐºÑ‚Ñ€Ð¾Ð½Ð¸ÐºÐ°']}
	at com.parametriz.BaseTest.testCatalog(BaseTest.java:37)

